<?xml version="1.0" encoding="UTF-8"?>
<testsuite xmlns:xsi="http://www.w3.org/2001/XMLSchema-instance" xsi:schemaLocation="https://maven.apache.org/surefire/maven-surefire-plugin/xsd/surefire-test-report.xsd" name="com.qa.TestRunner.TestRunner" time="184.955" tests="0" errors="0" skipped="0" failures="0">
  <properties>
    <property name="java.vendor" value="Oracle Corporation"/>
    <property name="JOB_NAME" value="Cucumber"/>
    <property name="sun.java.launcher" value="SUN_STANDARD"/>
    <property name="windows_tracing_logfile" value="C:\BVTBin\Tests\installpackage\csilogfile.log"/>
    <property name="NUMBER_OF_PROCESSORS" value="4"/>
    <property name="sun.management.compiler" value="HotSpot Client Compiler"/>
    <property name="JENKINS_HOME" value="C:\Users\ankur.jain\.jenkins"/>
    <property name="HUDSON_SERVER_COOKIE" value="12ce4b37841fedf6"/>
    <property name="POM_ARTIFACTID" value="ESS_Cucumber_Test"/>
    <property name="os.name" value="Windows 7"/>
    <property name="sun.boot.class.path" value="D:\jdk1.8.0_60\jdk1.8.0_60\jre\lib\resources.jar;D:\jdk1.8.0_60\jdk1.8.0_60\jre\lib\rt.jar;D:\jdk1.8.0_60\jdk1.8.0_60\jre\lib\sunrsasign.jar;D:\jdk1.8.0_60\jdk1.8.0_60\jre\lib\jsse.jar;D:\jdk1.8.0_60\jdk1.8.0_60\jre\lib\jce.jar;D:\jdk1.8.0_60\jdk1.8.0_60\jre\lib\charsets.jar;D:\jdk1.8.0_60\jdk1.8.0_60\jre\lib\jfr.jar;D:\jdk1.8.0_60\jdk1.8.0_60\jre\classes"/>
    <property name="EXECUTOR_NUMBER" value="0"/>
    <property name="sun.desktop" value="windows"/>
    <property name="PATHEXT" value=".COM;.EXE;.BAT;.CMD;.VBS;.VBE;.JS;.JSE;.WSF;.WSH;.MSC"/>
    <property name="java.vm.specification.vendor" value="Oracle Corporation"/>
    <property name="POM_DISPLAYNAME" value="ESS_Cucumber_Test"/>
    <property name="NODE_LABELS" value="master"/>
    <property name="TEMP" value="C:\Users\ANKUR~1.JAI\AppData\Local\Temp"/>
    <property name="java.runtime.version" value="1.8.0_60-b27"/>
    <property name="ANT_HOME" value="D:\apache-ant-1.9.11-bin\apache-ant-1.9.11"/>
    <property name="SecSpecialMode" value="710916"/>
    <property name="user.name" value="Ankur.Jain"/>
    <property name="guice.disable.misplaced.annotation.check" value="true"/>
    <property name="CommonProgramW6432" value="C:\Program Files\Common Files"/>
    <property name="ProgramFiles" value="C:\Program Files"/>
    <property name="PROMPT" value="$P$G"/>
    <property name="=A:" value="A:\"/>
    <property name="user.language" value="en"/>
    <property name="JOB_BASE_NAME" value="Cucumber"/>
    <property name="RUN_CHANGES_DISPLAY_URL" value="http://localhost:8080/job/Cucumber/13/display/redirect?page=changes"/>
    <property name="BUILD_DISPLAY_NAME" value="#13"/>
    <property name="sun.boot.library.path" value="D:\jdk1.8.0_60\jdk1.8.0_60\jre\bin"/>
    <property name="LOCALAPPDATA" value="C:\Users\ankur.jain\AppData\Local"/>
    <property name="java.version" value="1.8.0_60"/>
    <property name="PROCESSOR_LEVEL" value="6"/>
    <property name="user.timezone" value="Asia/Calcutta"/>
    <property name="USERNAME" value="Ankur.Jain"/>
    <property name="sun.arch.data.model" value="32"/>
    <property name="NODE_NAME" value="master"/>
    <property name="java.endorsed.dirs" value="D:\jdk1.8.0_60\jdk1.8.0_60\jre\lib\endorsed"/>
    <property name="BUILD_ID" value="13"/>
    <property name="sun.cpu.isalist" value="pentium_pro+mmx pentium_pro pentium+mmx pentium i486 i386 i86"/>
    <property name="sun.jnu.encoding" value="Cp1252"/>
    <property name="file.encoding.pkg" value="sun.io"/>
    <property name="file.separator" value="\"/>
    <property name="java.specification.name" value="Java Platform API Specification"/>
    <property name="HOMEDRIVE" value="C:"/>
    <property name="maven.conf" value="D:\apache-maven-3.5.3-bin\apache-maven-3.5.3\conf"/>
    <property name="java.class.version" value="52.0"/>
    <property name="=::" value="::\"/>
    <property name="org.slf4j.simpleLogger.defaultLogLevel" value="info"/>
    <property name="user.country" value="IN"/>
    <property name="ALLUSERSPROFILE" value="C:\ProgramData"/>
    <property name="java.home" value="D:\jdk1.8.0_60\jdk1.8.0_60\jre"/>
    <property name="java.vm.info" value="mixed mode"/>
    <property name="os.version" value="6.1"/>
    <property name="RUN_DISPLAY_URL" value="http://localhost:8080/job/Cucumber/13/display/redirect"/>
    <property name="POM_VERSION" value="0.0.1-SNAPSHOT"/>
    <property name="TMP" value="C:\Users\ANKUR~1.JAI\AppData\Local\Temp"/>
    <property name="path.separator" value=";"/>
    <property name="java.vm.version" value="25.60-b23"/>
    <property name="user.variant" value=""/>
    <property name="ClassPath" value=""/>
    <property name="JOB_DISPLAY_URL" value="http://localhost:8080/job/Cucumber/display/redirect"/>
    <property name="CommonProgramFiles(x86)" value="C:\Program Files (x86)\Common Files"/>
    <property name="java.awt.printerjob" value="sun.awt.windows.WPrinterJob"/>
    <property name="FP_NO_HOST_CHECK" value="NO"/>
    <property name="JAVA_HOME" value="D:\jdk1.8.0_60\jdk1.8.0_60"/>
    <property name="sun.io.unicode.encoding" value="UnicodeLittle"/>
    <property name="CommonProgramFiles" value="C:\Program Files\Common Files"/>
    <property name="ComSpec" value="C:\Windows\system32\cmd.exe"/>
    <property name="awt.toolkit" value="sun.awt.windows.WToolkit"/>
    <property name="HOMEPATH" value="\Users\ankur.jain"/>
    <property name="USERDNSDOMAIN" value="IN.RIL.COM"/>
    <property name="POM_PACKAGING" value="jar"/>
    <property name="user.script" value=""/>
    <property name="COMPUTERNAME" value="LT0021232"/>
    <property name="POM_GROUPID" value="ESS_Cucumber"/>
    <property name="user.home" value="C:\Users\ankur.jain"/>
    <property name="PUBLIC" value="C:\Users\Public"/>
    <property name="BUILD_TAG" value="jenkins-Cucumber-13"/>
    <property name="JENKINS_SERVER_COOKIE" value="12ce4b37841fedf6"/>
    <property name="HUDSON_URL" value="http://localhost:8080/"/>
    <property name="ProgramData" value="C:\ProgramData"/>
    <property name="java.specification.vendor" value="Oracle Corporation"/>
    <property name="USERPROFILE" value="C:\Users\ankur.jain"/>
    <property name="java.vendor.url" value="http://java.oracle.com/"/>
    <property name="java.library.path" value="D:\jdk1.8.0_60\jdk1.8.0_60\bin;C:\Windows\Sun\Java\bin;C:\Windows\system32;C:\Windows;D:\apache-maven-3.5.3-bin\apache-maven-3.5.3/bin;D:\jdk1.8.0_60\jdk1.8.0_60/bin;D:\jdk1.8.0_60\jdk1.8.0_60/bin;C:\Program Files\avs\bin;C:\Program Files\Documentum\Shared;C:\ProgramData\Oracle\Java\javapath;D:\jdk1.8.0_60\jdk1.8.0_60\bin;D:\Mobile Automation Setup\SDK-Sailaja\sdk\tools;D:\Mobile Automation Setup\SDK-Sailaja\sdk\platforms;D:\Mobile Automation Setup\SDK-Sailaja\sdk\platform-tools;C:\Program Files (x86)\Enterprise Vault\EVClient\x64\;C:\Windows\System32\WindowsPowerShell\v1.0\;C:\Windows\System32\WindowsPowerShell\v1.0\;C:\Program Files\Java\jre1.8.0_161\bin;D:\apache-ant-1.9.11-bin\apache-ant-1.9.11\bin;D:\apache-maven-3.5.3-bin\apache-maven-3.5.3\bin;D:\jdk1.8.0_60\jdk1.8.0_60\bin;C:\Program Files\nodejs\;C:\Program Files\Microsoft VS Code\bin;C:\Users\ankur.jain\AppData\Local\Programs\Git\cmd;C:\Program Files (x86)\Google\Chrome\Application;C:\Program Files\avs\bin;C:\Program Files\Documentum\Shared;C:\ProgramData\Oracle\Java\javapath;D:\jdk1.8.0_60\jdk1.8.0_60\bin;D:\Mobile Automation Setup\SDK-Sailaja\sdk\\tools;D:\Mobile Automation Setup\SDK-Sailaja\sdk\\platforms;D:\Mobile Automation Setup\SDK-Sailaja\sdk\\platform-tools;C:\Program Files (x86)\Enterprise Vault\EVClient\x64\;C:\Windows\System32\WindowsPowerShell\v1.0\;C:\Windows\System32\WindowsPowerShell\v1.0\;C:\Program Files\Java\jre1.8.0_161\bin;D:\apache-ant-1.9.11-bin\apache-ant-1.9.11\bin;D:\apache-maven-3.5.3-bin\apache-maven-3.5.3\bin;C:\Users\ankur.jain\AppData\Local\Programs\Git\cmd;C:\Users\ankur.jain\AppData\Local\Programs\Git\mingw64\bin;C:\Users\ankur.jain\AppData\Local\Programs\Git\usr\bin;C:\Users\ankur.jain\AppData\Roaming\npm;."/>
    <property name="java.vm.vendor" value="Oracle Corporation"/>
    <property name="APPDATA" value="C:\Users\ankur.jain\AppData\Roaming"/>
    <property name="java.runtime.name" value="Java(TM) SE Runtime Environment"/>
    <property name="maven.home" value="D:\apache-maven-3.5.3-bin\apache-maven-3.5.3"/>
    <property name="java.class.path" value="C:\Users\ankur.jain\.jenkins\plugins\maven-plugin\WEB-INF\lib\maven35-agent-1.12-alpha-1.jar;D:\apache-maven-3.5.3-bin\apache-maven-3.5.3\boot\plexus-classworlds-2.5.2.jar;D:\apache-maven-3.5.3-bin\apache-maven-3.5.3/conf/logging"/>
    <property name="sun.java.command" value="jenkins.maven3.agent.Maven35Main D:\apache-maven-3.5.3-bin\apache-maven-3.5.3 C:\Users\ankur.jain\.jenkins\war\WEB-INF\lib\remoting-3.23.jar C:\Users\ankur.jain\.jenkins\plugins\maven-plugin\WEB-INF\lib\maven35-interceptor-1.12-alpha-1.jar C:\Users\ankur.jain\.jenkins\plugins\maven-plugin\WEB-INF\lib\maven3-interceptor-commons-1.12-alpha-1.jar 63563"/>
    <property name="Path" value="D:\jdk1.8.0_60\jdk1.8.0_60/bin;C:\Program Files\avs\bin;C:\Program Files\Documentum\Shared;C:\ProgramData\Oracle\Java\javapath;D:\jdk1.8.0_60\jdk1.8.0_60\bin;D:\Mobile Automation Setup\SDK-Sailaja\sdk\tools;D:\Mobile Automation Setup\SDK-Sailaja\sdk\platforms;D:\Mobile Automation Setup\SDK-Sailaja\sdk\platform-tools;C:\Program Files (x86)\Enterprise Vault\EVClient\x64\;C:\Windows\System32\WindowsPowerShell\v1.0\;C:\Windows\System32\WindowsPowerShell\v1.0\;C:\Program Files\Java\jre1.8.0_161\bin;D:\apache-ant-1.9.11-bin\apache-ant-1.9.11\bin;D:\apache-maven-3.5.3-bin\apache-maven-3.5.3\bin;D:\jdk1.8.0_60\jdk1.8.0_60\bin;C:\Program Files\nodejs\;C:\Program Files\Microsoft VS Code\bin;C:\Users\ankur.jain\AppData\Local\Programs\Git\cmd;C:\Program Files (x86)\Google\Chrome\Application;C:\Program Files\avs\bin;C:\Program Files\Documentum\Shared;C:\ProgramData\Oracle\Java\javapath;D:\jdk1.8.0_60\jdk1.8.0_60\bin;D:\Mobile Automation Setup\SDK-Sailaja\sdk\\tools;D:\Mobile Automation Setup\SDK-Sailaja\sdk\\platforms;D:\Mobile Automation Setup\SDK-Sailaja\sdk\\platform-tools;C:\Program Files (x86)\Enterprise Vault\EVClient\x64\;C:\Windows\System32\WindowsPowerShell\v1.0\;C:\Windows\System32\WindowsPowerShell\v1.0\;C:\Program Files\Java\jre1.8.0_161\bin;D:\apache-ant-1.9.11-bin\apache-ant-1.9.11\bin;D:\apache-maven-3.5.3-bin\apache-maven-3.5.3\bin;C:\Users\ankur.jain\AppData\Local\Programs\Git\cmd;C:\Users\ankur.jain\AppData\Local\Programs\Git\mingw64\bin;C:\Users\ankur.jain\AppData\Local\Programs\Git\usr\bin;C:\Users\ankur.jain\AppData\Roaming\npm"/>
    <property name="java.vm.specification.name" value="Java Virtual Machine Specification"/>
    <property name="PROCESSOR_ARCHITECTURE" value="AMD64"/>
    <property name="PATH+JDK" value="D:\jdk1.8.0_60\jdk1.8.0_60/bin"/>
    <property name="PROCESSOR_IDENTIFIER" value="Intel64 Family 6 Model 55 Stepping 8, GenuineIntel"/>
    <property name="SESSIONNAME" value="Console"/>
    <property name="java.vm.specification.version" value="1.8"/>
    <property name="sun.os.patch.level" value="Service Pack 1"/>
    <property name="sun.cpu.endian" value="little"/>
    <property name="M2_HOME" value="D:\apache-maven-3.5.3-bin\apache-maven-3.5.3"/>
    <property name="=D:" value="D:\jenkins"/>
    <property name="java.io.tmpdir" value="C:\Users\ANKUR~1.JAI\AppData\Local\Temp\"/>
    <property name="OS" value="Windows_NT"/>
    <property name="HUDSON_HOME" value="C:\Users\ankur.jain\.jenkins"/>
    <property name="PATH+MAVEN" value="D:\apache-maven-3.5.3-bin\apache-maven-3.5.3/bin"/>
    <property name="ProgramFiles(x86)" value="C:\Program Files (x86)"/>
    <property name="BUILD_URL" value="http://localhost:8080/job/Cucumber/13/"/>
    <property name="java.vendor.url.bug" value="http://bugreport.sun.com/bugreport/"/>
    <property name="java.awt.graphicsenv" value="sun.awt.Win32GraphicsEnvironment"/>
    <property name="os.arch" value="x86"/>
    <property name="SystemRoot" value="C:\Windows"/>
    <property name="windows_tracing_flags" value="3"/>
    <property name="java.ext.dirs" value="D:\jdk1.8.0_60\jdk1.8.0_60\jre\lib\ext;C:\Windows\Sun\Java\lib\ext"/>
    <property name="user.dir" value="C:\Users\ankur.jain\eclipse-workspace\ESS_Cucumber_Test"/>
    <property name="JOB_URL" value="http://localhost:8080/job/Cucumber/"/>
    <property name="LOGONSERVER" value="\\SJMND002"/>
    <property name="USERDOMAIN" value="IN"/>
    <property name="line.separator" value="&#10;"/>
    <property name="MAVEN_HOME" value="D:\apache-maven-3.5.3-bin\apache-maven-3.5.3"/>
    <property name="java.vm.name" value="Java HotSpot(TM) Client VM"/>
    <property name="BUILD_NUMBER" value="13"/>
    <property name="ANDROID_HOME" value="D:\Mobile Automation Setup\SDK-Sailaja\sdk\"/>
    <property name="JENKINS_URL" value="http://localhost:8080/"/>
    <property name="PROCESSOR_REVISION" value="3708"/>
    <property name="UATDATA" value="C:\Windows\CCM\UATData\D9F8C395-CAB8-491d-B8AC-179A1FE1BE77"/>
    <property name="ProgramW6432" value="C:\Program Files"/>
    <property name="windir" value="C:\Windows"/>
    <property name="=C:" value="C:\Windows\System32"/>
    <property name="file.encoding" value="Cp1252"/>
    <property name="SystemDrive" value="C:"/>
    <property name="maven3.interceptor" value="C:\Users\ankur.jain\.jenkins\plugins\maven-plugin\WEB-INF\lib\maven35-interceptor-1.12-alpha-1.jar"/>
    <property name="WORKSPACE" value="C:\Users\ankur.jain\.jenkins\workspace\Cucumber"/>
    <property name="maven3.interceptor.common" value="C:\Users\ankur.jain\.jenkins\plugins\maven-plugin\WEB-INF\lib\maven3-interceptor-commons-1.12-alpha-1.jar"/>
    <property name="java.specification.version" value="1.8"/>
    <property name="PSModulePath" value="C:\Windows\system32\WindowsPowerShell\v1.0\Modules\"/>
  </properties>
</testsuite>